# JRE version: OpenJDK Runtime Environment (17.0.6) (build 17.0.6+0-17.0.6b829.9-10027231)
# Java VM: OpenJDK 64-Bit Server VM (17.0.6+0-17.0.6b829.9-10027231, mixed mode, tiered, compressed oops, compressed class ptrs, g1 gc, linux-amd64)
GC Precious Log:
 CPUs: 16 total, 16 available
 Memory: 15395M
 Large Page Support: Disabled
 NUMA Support: Disabled
 Compressed Oops: Enabled (32-bit)
 Heap Region Size: 1M
 Heap Min Capacity: 8M
 Heap Initial Capacity: 242M
 Heap Max Capacity: 2G
 Pre-touch: Disabled
 Parallel Workers: 13
 Concurrent Workers: 3
 Concurrent Refinement Workers: 13
 Periodic GC: Disabled
Heap:
 garbage-first heap   total 140288K, used 88162K [0x0000000080000000, 0x0000000100000000)
  region size 1024K, 20 young (20480K), 7 survivors (7168K)
 Metaspace       used 83266K, committed 83904K, reserved 1122304K
  class space    used 11405K, committed 11712K, reserved 1048576K
GC Heap History (20 events):
Event: 11.980 GC heap before
{Heap before GC invocations=14 (full 0):
 garbage-first heap   total 114688K, used 76077K [0x0000000080000000, 0x0000000100000000)
  region size 1024K, 37 young (37888K), 7 survivors (7168K)
 Metaspace       used 60018K, committed 60480K, reserved 1105920K
  class space    used 7939K, committed 8192K, reserved 1048576K
}
Event: 11.983 GC heap after
{Heap after GC invocations=15 (full 0):
 garbage-first heap   total 114688K, used 47136K [0x0000000080000000, 0x0000000100000000)
  region size 1024K, 2 young (2048K), 2 survivors (2048K)
 Metaspace       used 60018K, committed 60480K, reserved 1105920K
  class space    used 7939K, committed 8192K, reserved 1048576K
}
Event: 12.184 GC heap before
{Heap before GC invocations=16 (full 0):
 garbage-first heap   total 114688K, used 72736K [0x0000000080000000, 0x0000000100000000)
  region size 1024K, 23 young (23552K), 2 survivors (2048K)
 Metaspace       used 62227K, committed 62784K, reserved 1105920K
  class space    used 8233K, committed 8512K, reserved 1048576K
}
Event: 12.187 GC heap after
{Heap after GC invocations=17 (full 0):
 garbage-first heap   total 114688K, used 54944K [0x0000000080000000, 0x0000000100000000)
  region size 1024K, 5 young (5120K), 5 survivors (5120K)
 Metaspace       used 62227K, committed 62784K, reserved 1105920K
  class space    used 8233K, committed 8512K, reserved 1048576K
}
Event: 12.531 GC heap before
{Heap before GC invocations=17 (full 0):
 garbage-first heap   total 114688K, used 90784K [0x0000000080000000, 0x0000000100000000)
  region size 1024K, 39 young (39936K), 5 survivors (5120K)
 Metaspace       used 65557K, committed 66112K, reserved 1105920K
  class space    used 8663K, committed 8960K, reserved 1048576K
}
Event: 12.534 GC heap after
{Heap after GC invocations=18 (full 0):
 garbage-first heap   total 114688K, used 52433K [0x0000000080000000, 0x0000000100000000)
  region size 1024K, 3 young (3072K), 3 survivors (3072K)
 Metaspace       used 65557K, committed 66112K, reserved 1105920K
  class space    used 8663K, committed 8960K, reserved 1048576K
}
Event: 12.745 GC heap before
{Heap before GC invocations=18 (full 0):
 garbage-first heap   total 114688K, used 89297K [0x0000000080000000, 0x0000000100000000)
  region size 1024K, 39 young (39936K), 3 survivors (3072K)
 Metaspace       used 66539K, committed 67072K, reserved 1114112K
  class space    used 8808K, committed 9088K, reserved 1048576K
}
Event: 12.748 GC heap after
{Heap after GC invocations=19 (full 0):
 garbage-first heap   total 114688K, used 55756K [0x0000000080000000, 0x0000000100000000)
  region size 1024K, 5 young (5120K), 5 survivors (5120K)
 Metaspace       used 66539K, committed 67072K, reserved 1114112K
  class space    used 8808K, committed 9088K, reserved 1048576K
}
Event: 13.006 GC heap before
{Heap before GC invocations=19 (full 0):
 garbage-first heap   total 114688K, used 83404K [0x0000000080000000, 0x0000000100000000)
  region size 1024K, 33 young (33792K), 5 survivors (5120K)
 Metaspace       used 68424K, committed 68992K, reserved 1114112K
  class space    used 9073K, committed 9344K, reserved 1048576K
}
Event: 13.010 GC heap after
{Heap after GC invocations=20 (full 0):
 garbage-first heap   total 114688K, used 58537K [0x0000000080000000, 0x0000000100000000)
  region size 1024K, 3 young (3072K), 3 survivors (3072K)
 Metaspace       used 68424K, committed 68992K, reserved 1114112K
  class space    used 9073K, committed 9344K, reserved 1048576K
}
Event: 13.494 GC heap before
{Heap before GC invocations=21 (full 0):
 garbage-first heap   total 114688K, used 92329K [0x0000000080000000, 0x0000000100000000)
  region size 1024K, 35 young (35840K), 3 survivors (3072K)
 Metaspace       used 72531K, committed 73152K, reserved 1114112K
  class space    used 9832K, committed 10112K, reserved 1048576K
}
Event: 13.497 GC heap after
{Heap after GC invocations=22 (full 0):
 garbage-first heap   total 114688K, used 59691K [0x0000000080000000, 0x0000000100000000)
  region size 1024K, 4 young (4096K), 4 survivors (4096K)
 Metaspace       used 72531K, committed 73152K, reserved 1114112K
  class space    used 9832K, committed 10112K, reserved 1048576K
}
Event: 13.729 GC heap before
{Heap before GC invocations=22 (full 0):
 garbage-first heap   total 114688K, used 92459K [0x0000000080000000, 0x0000000100000000)
  region size 1024K, 36 young (36864K), 4 survivors (4096K)
 Metaspace       used 73954K, committed 74560K, reserved 1114112K
  class space    used 10045K, committed 10304K, reserved 1048576K
}
Event: 13.733 GC heap after
{Heap after GC invocations=23 (full 0):
 garbage-first heap   total 114688K, used 62724K [0x0000000080000000, 0x0000000100000000)
  region size 1024K, 5 young (5120K), 5 survivors (5120K)
 Metaspace       used 73954K, committed 74560K, reserved 1114112K
  class space    used 10045K, committed 10304K, reserved 1048576K
}
Event: 14.031 GC heap before
{Heap before GC invocations=24 (full 0):
 garbage-first heap   total 116736K, used 92420K [0x0000000080000000, 0x0000000100000000)
  region size 1024K, 34 young (34816K), 5 survivors (5120K)
 Metaspace       used 75879K, committed 76480K, reserved 1122304K
  class space    used 10300K, committed 10560K, reserved 1048576K
}
Event: 14.035 GC heap after
{Heap after GC invocations=25 (full 0):
 garbage-first heap   total 140288K, used 65468K [0x0000000080000000, 0x0000000100000000)
  region size 1024K, 3 young (3072K), 3 survivors (3072K)
 Metaspace       used 75879K, committed 76480K, reserved 1122304K
  class space    used 10300K, committed 10560K, reserved 1048576K
}
Event: 14.599 GC heap before
{Heap before GC invocations=25 (full 0):
 garbage-first heap   total 140288K, used 112572K [0x0000000080000000, 0x0000000100000000)
  region size 1024K, 49 young (50176K), 3 survivors (3072K)
 Metaspace       used 81349K, committed 81984K, reserved 1122304K
  class space    used 11087K, committed 11392K, reserved 1048576K
}
Event: 14.602 GC heap after
{Heap after GC invocations=26 (full 0):
 garbage-first heap   total 140288K, used 68934K [0x0000000080000000, 0x0000000100000000)
  region size 1024K, 7 young (7168K), 7 survivors (7168K)
 Metaspace       used 81349K, committed 81984K, reserved 1122304K
  class space    used 11087K, committed 11392K, reserved 1048576K
}
Event: 14.851 GC heap before
{Heap before GC invocations=26 (full 0):
 garbage-first heap   total 140288K, used 112966K [0x0000000080000000, 0x0000000100000000)
  region size 1024K, 50 young (51200K), 7 survivors (7168K)
 Metaspace       used 82403K, committed 83072K, reserved 1122304K
  class space    used 11236K, committed 11520K, reserved 1048576K
}
Event: 14.856 GC heap after
{Heap after GC invocations=27 (full 0):
 garbage-first heap   total 140288K, used 75874K [0x0000000080000000, 0x0000000100000000)
  region size 1024K, 7 young (7168K), 7 survivors (7168K)
 Metaspace       used 82403K, committed 83072K, reserved 1122304K
  class space    used 11236K, committed 11520K, reserved 1048576K
}

