# JRE version: OpenJDK Runtime Environment (17.0.6) (build 17.0.6+0-17.0.6b829.9-10027231)
# Java VM: OpenJDK 64-Bit Server VM (17.0.6+0-17.0.6b829.9-10027231, mixed mode, tiered, compressed oops, compressed class ptrs, g1 gc, linux-amd64)
GC Precious Log:
 CPUs: 16 total, 16 available
 Memory: 15412M
 Large Page Support: Disabled
 NUMA Support: Disabled
 Compressed Oops: Enabled (32-bit)
 Heap Region Size: 1M
 Heap Min Capacity: 8M
 Heap Initial Capacity: 242M
 Heap Max Capacity: 2G
 Pre-touch: Disabled
 Parallel Workers: 13
 Concurrent Workers: 3
 Concurrent Refinement Workers: 13
 Periodic GC: Disabled
Heap:
 garbage-first heap   total 191488K, used 119804K [0x0000000080000000, 0x0000000100000000)
  region size 1024K, 35 young (35840K), 2 survivors (2048K)
 Metaspace       used 86444K, committed 87104K, reserved 1130496K
  class space    used 11911K, committed 12224K, reserved 1048576K
GC Heap History (20 events):
Event: 5.637 GC heap before
{Heap before GC invocations=28 (full 0):
 garbage-first heap   total 129024K, used 99570K [0x0000000080000000, 0x0000000100000000)
  region size 1024K, 42 young (43008K), 2 survivors (2048K)
 Metaspace       used 72862K, committed 73472K, reserved 1114112K
  class space    used 9884K, committed 10176K, reserved 1048576K
}
Event: 5.639 GC heap after
{Heap after GC invocations=29 (full 0):
 garbage-first heap   total 129024K, used 59602K [0x0000000080000000, 0x0000000100000000)
  region size 1024K, 4 young (4096K), 4 survivors (4096K)
 Metaspace       used 72862K, committed 73472K, reserved 1114112K
  class space    used 9884K, committed 10176K, reserved 1048576K
}
Event: 5.804 GC heap before
{Heap before GC invocations=29 (full 0):
 garbage-first heap   total 129024K, used 100562K [0x0000000080000000, 0x0000000100000000)
  region size 1024K, 44 young (45056K), 4 survivors (4096K)
 Metaspace       used 73979K, committed 74496K, reserved 1114112K
  class space    used 10063K, committed 10304K, reserved 1048576K
}
Event: 5.808 GC heap after
{Heap after GC invocations=30 (full 0):
 garbage-first heap   total 129024K, used 63305K [0x0000000080000000, 0x0000000100000000)
  region size 1024K, 6 young (6144K), 6 survivors (6144K)
 Metaspace       used 73979K, committed 74496K, reserved 1114112K
  class space    used 10063K, committed 10304K, reserved 1048576K
}
Event: 6.248 GC heap before
{Heap before GC invocations=30 (full 0):
 garbage-first heap   total 129024K, used 101193K [0x0000000080000000, 0x0000000100000000)
  region size 1024K, 43 young (44032K), 6 survivors (6144K)
 Metaspace       used 78177K, committed 78848K, reserved 1122304K
  class space    used 10688K, committed 11008K, reserved 1048576K
}
Event: 6.253 GC heap after
{Heap after GC invocations=31 (full 0):
 garbage-first heap   total 129024K, used 66183K [0x0000000080000000, 0x0000000100000000)
  region size 1024K, 3 young (3072K), 3 survivors (3072K)
 Metaspace       used 78177K, committed 78848K, reserved 1122304K
  class space    used 10688K, committed 11008K, reserved 1048576K
}
Event: 6.662 GC heap before
{Heap before GC invocations=32 (full 0):
 garbage-first heap   total 129024K, used 104071K [0x0000000080000000, 0x0000000100000000)
  region size 1024K, 40 young (40960K), 3 survivors (3072K)
 Metaspace       used 81968K, committed 82624K, reserved 1122304K
  class space    used 11200K, committed 11456K, reserved 1048576K
}
Event: 6.666 GC heap after
{Heap after GC invocations=33 (full 0):
 garbage-first heap   total 129024K, used 69632K [0x0000000080000000, 0x0000000100000000)
  region size 1024K, 5 young (5120K), 5 survivors (5120K)
 Metaspace       used 81968K, committed 82624K, reserved 1122304K
  class space    used 11200K, committed 11456K, reserved 1048576K
}
Event: 6.813 GC heap before
{Heap before GC invocations=33 (full 0):
 garbage-first heap   total 129024K, used 104448K [0x0000000080000000, 0x0000000100000000)
  region size 1024K, 39 young (39936K), 5 survivors (5120K)
 Metaspace       used 82266K, committed 82944K, reserved 1122304K
  class space    used 11233K, committed 11584K, reserved 1048576K
}
Event: 6.817 GC heap after
{Heap after GC invocations=34 (full 0):
 garbage-first heap   total 129024K, used 75704K [0x0000000080000000, 0x0000000100000000)
  region size 1024K, 5 young (5120K), 5 survivors (5120K)
 Metaspace       used 82266K, committed 82944K, reserved 1122304K
  class space    used 11233K, committed 11584K, reserved 1048576K
}
Event: 7.136 GC heap before
{Heap before GC invocations=35 (full 0):
 garbage-first heap   total 137216K, used 103352K [0x0000000080000000, 0x0000000100000000)
  region size 1024K, 32 young (32768K), 5 survivors (5120K)
 Metaspace       used 84374K, committed 84992K, reserved 1122304K
  class space    used 11614K, committed 11904K, reserved 1048576K
}
Event: 7.140 GC heap after
{Heap after GC invocations=36 (full 0):
 garbage-first heap   total 137216K, used 80056K [0x0000000080000000, 0x0000000100000000)
  region size 1024K, 4 young (4096K), 4 survivors (4096K)
 Metaspace       used 84374K, committed 84992K, reserved 1122304K
  class space    used 11614K, committed 11904K, reserved 1048576K
}
Event: 7.174 GC heap before
{Heap before GC invocations=36 (full 0):
 garbage-first heap   total 137216K, used 82104K [0x0000000080000000, 0x0000000100000000)
  region size 1024K, 6 young (6144K), 4 survivors (4096K)
 Metaspace       used 84472K, committed 85120K, reserved 1122304K
  class space    used 11617K, committed 11904K, reserved 1048576K
}
Event: 7.178 GC heap after
{Heap after GC invocations=37 (full 0):
 garbage-first heap   total 137216K, used 80568K [0x0000000080000000, 0x0000000100000000)
  region size 1024K, 1 young (1024K), 1 survivors (1024K)
 Metaspace       used 84472K, committed 85120K, reserved 1122304K
  class space    used 11617K, committed 11904K, reserved 1048576K
}
Event: 7.306 GC heap before
{Heap before GC invocations=37 (full 0):
 garbage-first heap   total 137216K, used 109240K [0x0000000080000000, 0x0000000100000000)
  region size 1024K, 30 young (30720K), 1 survivors (1024K)
 Metaspace       used 85555K, committed 86208K, reserved 1130496K
  class space    used 11858K, committed 12160K, reserved 1048576K
}
Event: 7.309 GC heap after
{Heap after GC invocations=38 (full 0):
 garbage-first heap   total 191488K, used 83264K [0x0000000080000000, 0x0000000100000000)
  region size 1024K, 4 young (4096K), 4 survivors (4096K)
 Metaspace       used 85555K, committed 86208K, reserved 1130496K
  class space    used 11858K, committed 12160K, reserved 1048576K
}
Event: 7.514 GC heap before
{Heap before GC invocations=39 (full 0):
 garbage-first heap   total 191488K, used 141632K [0x0000000080000000, 0x0000000100000000)
  region size 1024K, 62 young (63488K), 4 survivors (4096K)
 Metaspace       used 86157K, committed 86912K, reserved 1130496K
  class space    used 11886K, committed 12224K, reserved 1048576K
}
Event: 7.517 GC heap after
{Heap after GC invocations=40 (full 0):
 garbage-first heap   total 191488K, used 87519K [0x0000000080000000, 0x0000000100000000)
  region size 1024K, 8 young (8192K), 8 survivors (8192K)
 Metaspace       used 86157K, committed 86912K, reserved 1130496K
  class space    used 11886K, committed 12224K, reserved 1048576K
}
Event: 7.519 GC heap before
{Heap before GC invocations=40 (full 0):
 garbage-first heap   total 191488K, used 88543K [0x0000000080000000, 0x0000000100000000)
  region size 1024K, 9 young (9216K), 8 survivors (8192K)
 Metaspace       used 86160K, committed 86912K, reserved 1130496K
  class space    used 11886K, committed 12224K, reserved 1048576K
}
Event: 7.522 GC heap after
{Heap after GC invocations=41 (full 0):
 garbage-first heap   total 191488K, used 88060K [0x0000000080000000, 0x0000000100000000)
  region size 1024K, 2 young (2048K), 2 survivors (2048K)
 Metaspace       used 86160K, committed 86912K, reserved 1130496K
  class space    used 11886K, committed 12224K, reserved 1048576K
}

