# JRE version: OpenJDK Runtime Environment (17.0.6) (build 17.0.6+0-17.0.6b829.9-10027231)
# Java VM: OpenJDK 64-Bit Server VM (17.0.6+0-17.0.6b829.9-10027231, mixed mode, tiered, compressed oops, compressed class ptrs, g1 gc, linux-amd64)
GC Precious Log:
 CPUs: 16 total, 16 available
 Memory: 15412M
 Large Page Support: Disabled
 NUMA Support: Disabled
 Compressed Oops: Enabled (32-bit)
 Heap Region Size: 1M
 Heap Min Capacity: 8M
 Heap Initial Capacity: 242M
 Heap Max Capacity: 2G
 Pre-touch: Disabled
 Parallel Workers: 13
 Concurrent Workers: 3
 Concurrent Refinement Workers: 13
 Periodic GC: Disabled
Heap:
 garbage-first heap   total 254976K, used 126500K [0x0000000080000000, 0x0000000100000000)
  region size 1024K, 35 young (35840K), 9 survivors (9216K)
 Metaspace       used 72810K, committed 73408K, reserved 1114112K
  class space    used 9334K, committed 9600K, reserved 1048576K
GC Heap History (20 events):
Event: 9.809 GC heap before
{Heap before GC invocations=52 (full 0):
 garbage-first heap   total 254976K, used 216806K [0x0000000080000000, 0x0000000100000000)
  region size 1024K, 146 young (149504K), 11 survivors (11264K)
 Metaspace       used 52700K, committed 53120K, reserved 1097728K
  class space    used 7023K, committed 7232K, reserved 1048576K
}
Event: 9.814 GC heap after
{Heap after GC invocations=53 (full 0):
 garbage-first heap   total 254976K, used 79962K [0x0000000080000000, 0x0000000100000000)
  region size 1024K, 12 young (12288K), 12 survivors (12288K)
 Metaspace       used 52700K, committed 53120K, reserved 1097728K
  class space    used 7023K, committed 7232K, reserved 1048576K
}
Event: 10.030 GC heap before
{Heap before GC invocations=53 (full 0):
 garbage-first heap   total 254976K, used 216154K [0x0000000080000000, 0x0000000100000000)
  region size 1024K, 145 young (148480K), 12 survivors (12288K)
 Metaspace       used 52701K, committed 53120K, reserved 1097728K
  class space    used 7023K, committed 7232K, reserved 1048576K
}
Event: 10.036 GC heap after
{Heap after GC invocations=54 (full 0):
 garbage-first heap   total 254976K, used 81671K [0x0000000080000000, 0x0000000100000000)
  region size 1024K, 12 young (12288K), 12 survivors (12288K)
 Metaspace       used 52701K, committed 53120K, reserved 1097728K
  class space    used 7023K, committed 7232K, reserved 1048576K
}
Event: 10.461 GC heap before
{Heap before GC invocations=54 (full 0):
 garbage-first heap   total 254976K, used 221959K [0x0000000080000000, 0x0000000100000000)
  region size 1024K, 143 young (146432K), 12 survivors (12288K)
 Metaspace       used 52712K, committed 53120K, reserved 1097728K
  class space    used 7023K, committed 7232K, reserved 1048576K
}
Event: 10.463 GC heap after
{Heap after GC invocations=55 (full 0):
 garbage-first heap   total 254976K, used 73809K [0x0000000080000000, 0x0000000100000000)
  region size 1024K, 3 young (3072K), 3 survivors (3072K)
 Metaspace       used 52712K, committed 53120K, reserved 1097728K
  class space    used 7023K, committed 7232K, reserved 1048576K
}
Event: 10.657 GC heap before
{Heap before GC invocations=55 (full 0):
 garbage-first heap   total 254976K, used 223313K [0x0000000080000000, 0x0000000100000000)
  region size 1024K, 149 young (152576K), 3 survivors (3072K)
 Metaspace       used 52714K, committed 53120K, reserved 1097728K
  class space    used 7023K, committed 7232K, reserved 1048576K
}
Event: 10.659 GC heap after
{Heap after GC invocations=56 (full 0):
 garbage-first heap   total 254976K, used 68749K [0x0000000080000000, 0x0000000100000000)
  region size 1024K, 1 young (1024K), 1 survivors (1024K)
 Metaspace       used 52714K, committed 53120K, reserved 1097728K
  class space    used 7023K, committed 7232K, reserved 1048576K
}
Event: 11.269 GC heap before
{Heap before GC invocations=56 (full 0):
 garbage-first heap   total 254976K, used 223373K [0x0000000080000000, 0x0000000100000000)
  region size 1024K, 149 young (152576K), 1 survivors (1024K)
 Metaspace       used 57408K, committed 57984K, reserved 1105920K
  class space    used 7590K, committed 7872K, reserved 1048576K
}
Event: 11.273 GC heap after
{Heap after GC invocations=57 (full 0):
 garbage-first heap   total 254976K, used 78664K [0x0000000080000000, 0x0000000100000000)
  region size 1024K, 8 young (8192K), 8 survivors (8192K)
 Metaspace       used 57408K, committed 57984K, reserved 1105920K
  class space    used 7590K, committed 7872K, reserved 1048576K
}
Event: 14.371 GC heap before
{Heap before GC invocations=57 (full 0):
 garbage-first heap   total 254976K, used 215880K [0x0000000080000000, 0x0000000100000000)
  region size 1024K, 143 young (146432K), 8 survivors (8192K)
 Metaspace       used 71494K, committed 72128K, reserved 1114112K
  class space    used 9319K, committed 9600K, reserved 1048576K
}
Event: 14.381 GC heap after
{Heap after GC invocations=58 (full 0):
 garbage-first heap   total 254976K, used 88348K [0x0000000080000000, 0x0000000100000000)
  region size 1024K, 17 young (17408K), 17 survivors (17408K)
 Metaspace       used 71494K, committed 72128K, reserved 1114112K
  class space    used 9319K, committed 9600K, reserved 1048576K
}
Event: 25.894 GC heap before
{Heap before GC invocations=58 (full 0):
 garbage-first heap   total 254976K, used 210204K [0x0000000080000000, 0x0000000100000000)
  region size 1024K, 137 young (140288K), 17 survivors (17408K)
 Metaspace       used 72450K, committed 73024K, reserved 1114112K
  class space    used 9331K, committed 9600K, reserved 1048576K
}
Event: 25.901 GC heap after
{Heap after GC invocations=59 (full 0):
 garbage-first heap   total 254976K, used 91750K [0x0000000080000000, 0x0000000100000000)
  region size 1024K, 5 young (5120K), 5 survivors (5120K)
 Metaspace       used 72450K, committed 73024K, reserved 1114112K
  class space    used 9331K, committed 9600K, reserved 1048576K
}
Event: 34.255 GC heap before
{Heap before GC invocations=59 (full 0):
 garbage-first heap   total 254976K, used 212582K [0x0000000080000000, 0x0000000100000000)
  region size 1024K, 124 young (126976K), 5 survivors (5120K)
 Metaspace       used 72745K, committed 73344K, reserved 1114112K
  class space    used 9334K, committed 9600K, reserved 1048576K
}
Event: 34.258 GC heap after
{Heap after GC invocations=60 (full 0):
 garbage-first heap   total 254976K, used 91878K [0x0000000080000000, 0x0000000100000000)
  region size 1024K, 5 young (5120K), 5 survivors (5120K)
 Metaspace       used 72745K, committed 73344K, reserved 1114112K
  class space    used 9334K, committed 9600K, reserved 1048576K
}
Event: 40.576 GC heap before
{Heap before GC invocations=60 (full 0):
 garbage-first heap   total 254976K, used 221926K [0x0000000080000000, 0x0000000100000000)
  region size 1024K, 126 young (129024K), 5 survivors (5120K)
 Metaspace       used 72798K, committed 73408K, reserved 1114112K
  class space    used 9334K, committed 9600K, reserved 1048576K
}
Event: 40.578 GC heap after
{Heap after GC invocations=61 (full 0):
 garbage-first heap   total 254976K, used 98114K [0x0000000080000000, 0x0000000100000000)
  region size 1024K, 8 young (8192K), 8 survivors (8192K)
 Metaspace       used 72798K, committed 73408K, reserved 1114112K
  class space    used 9334K, committed 9600K, reserved 1048576K
}
Event: 40.614 GC heap before
{Heap before GC invocations=61 (full 0):
 garbage-first heap   total 254976K, used 217922K [0x0000000080000000, 0x0000000100000000)
  region size 1024K, 123 young (125952K), 8 survivors (8192K)
 Metaspace       used 72808K, committed 73408K, reserved 1114112K
  class space    used 9334K, committed 9600K, reserved 1048576K
}
Event: 40.617 GC heap after
{Heap after GC invocations=62 (full 0):
 garbage-first heap   total 254976K, used 101924K [0x0000000080000000, 0x0000000100000000)
  region size 1024K, 9 young (9216K), 9 survivors (9216K)
 Metaspace       used 72808K, committed 73408K, reserved 1114112K
  class space    used 9334K, committed 9600K, reserved 1048576K
}

